[debug] [2019-03-22T23:01:05.400Z] ----------------------------------------------------------------------
[debug] [2019-03-22T23:01:05.404Z] Command:       C:\Program Files\nodejs\node.exe C:\Users\Fany\AppData\Roaming\npm\node_modules\firebase-tools\lib\bin\firebase.js serve
[debug] [2019-03-22T23:01:05.405Z] CLI Version:   6.5.0
[debug] [2019-03-22T23:01:05.405Z] Platform:      win32
[debug] [2019-03-22T23:01:05.405Z] Node Version:  v10.15.0
[debug] [2019-03-22T23:01:05.407Z] Time:          Fri Mar 22 2019 17:01:05 GMT-0600 (GMT-06:00)
[debug] [2019-03-22T23:01:05.407Z] ----------------------------------------------------------------------
[debug] 
[debug] [2019-03-22T23:01:05.421Z] > command requires scopes: ["email","openid","https://www.googleapis.com/auth/cloudplatformprojects.readonly","https://www.googleapis.com/auth/firebase","https://www.googleapis.com/auth/cloud-platform"]
[debug] [2019-03-22T23:01:05.422Z] > authorizing via signed-in user
[debug] [2019-03-22T23:01:05.422Z] [iam] checking project red-social-595e4 for permissions ["firebase.projects.get"]
[debug] [2019-03-22T23:01:05.427Z] >>> HTTP REQUEST POST https://cloudresourcemanager.googleapis.com/v1/projects/red-social-595e4:testIamPermissions  

[debug] [2019-03-22T23:01:05.913Z] <<< HTTP RESPONSE 200
[debug] [2019-03-22T23:01:05.916Z] >>> HTTP REQUEST GET https://cloudresourcemanager.googleapis.com/v1/projects/red-social-595e4  
 
[debug] [2019-03-22T23:01:06.264Z] <<< HTTP RESPONSE 200
[info] 
[info] === Serving from 'C:\Users\Fany'...
[info] 
[info] i  functions: Preparing to emulate functions.
[debug] [2019-03-22T23:01:07.199Z] Fetching environment
[debug] [2019-03-22T23:01:07.204Z] >>> HTTP REQUEST GET https://mobilesdk-pa.googleapis.com/v1/projects/918699970408:getServerAppConfig  
 
[debug] [2019-03-22T23:01:07.205Z] >>> HTTP REQUEST GET https://mobilesdk-pa.googleapis.com/v1/projects/918699970408/clients/_:getWebAppConfig  
 
[debug] [2019-03-22T23:01:07.460Z] <<< HTTP RESPONSE 200
[debug] [2019-03-22T23:01:07.460Z] Starting @google-cloud/functions-emulator
[debug] [2019-03-22T23:01:07.718Z] <<< HTTP RESPONSE 200
[info] i  hosting: Serving hosting files from: public
[info] +  hosting: Local server: http://localhost:5000
[debug] [2019-03-22T23:01:09.509Z] Parsing function triggers
[info] i  functions: No HTTPS functions found. Use firebase functions:shell if you would like to emulate other types of functions.
